# JRE version: Java(TM) SE Runtime Environment (9.0+11) (build 9.0.4+11)
# Java VM: Java HotSpot(TM) 64-Bit Server VM (9.0.4+11, mixed mode, tiered, compressed oops, g1 gc, bsd-amd64)
Heap:
 garbage-first heap   total 131072K, used 33495K [0x0000000740000000, 0x0000000740100400, 0x00000007c0000000)
  region size 1024K, 2 young (2048K), 1 survivors (1024K)
 Metaspace       used 15963K, capacity 16886K, committed 17024K, reserved 1064960K
  class space    used 1635K, capacity 1837K, committed 1920K, reserved 1048576K
GC Heap History (10 events):
Event: 490.367 GC heap before
{Heap before GC invocations=147 (full 0):
 garbage-first heap   total 131072K, used 59083K [0x0000000740000000, 0x0000000740100400, 0x00000007c0000000)
  region size 1024K, 3 young (3072K), 1 survivors (1024K)
 Metaspace       used 15827K, capacity 16756K, committed 17024K, reserved 1064960K
  class space    used 1610K, capacity 1836K, committed 1920K, reserved 1048576K
}
Event: 490.368 GC heap after
{Heap after GC invocations=148 (full 0):
 garbage-first heap   total 131072K, used 22217K [0x0000000740000000, 0x0000000740100400, 0x00000007c0000000)
  region size 1024K, 1 young (1024K), 1 survivors (1024K)
 Metaspace       used 15827K, capacity 16756K, committed 17024K, reserved 1064960K
  class space    used 1610K, capacity 1836K, committed 1920K, reserved 1048576K
}
Event: 491.245 GC heap before
{Heap before GC invocations=149 (full 0):
 garbage-first heap   total 131072K, used 58057K [0x0000000740000000, 0x0000000740100400, 0x00000007c0000000)
  region size 1024K, 2 young (2048K), 1 survivors (1024K)
 Metaspace       used 15828K, capacity 16756K, committed 17024K, reserved 1064960K
  class space    used 1610K, capacity 1836K, committed 1920K, reserved 1048576K
}
Event: 491.245 GC heap after
{Heap after GC invocations=150 (full 0):
 garbage-first heap   total 131072K, used 26314K [0x0000000740000000, 0x0000000740100400, 0x00000007c0000000)
  region size 1024K, 1 young (1024K), 1 survivors (1024K)
 Metaspace       used 15828K, capacity 16756K, committed 17024K, reserved 1064960K
  class space    used 1610K, capacity 1836K, committed 1920K, reserved 1048576K
}
Event: 670.085 GC heap before
{Heap before GC invocations=151 (full 0):
 garbage-first heap   total 131072K, used 59082K [0x0000000740000000, 0x0000000740100400, 0x00000007c0000000)
  region size 1024K, 3 young (3072K), 1 survivors (1024K)
 Metaspace       used 15961K, capacity 16886K, committed 17024K, reserved 1064960K
  class space    used 1635K, capacity 1837K, committed 1920K, reserved 1048576K
}
Event: 670.102 GC heap after
{Heap after GC invocations=152 (full 0):
 garbage-first heap   total 131072K, used 26322K [0x0000000740000000, 0x0000000740100400, 0x00000007c0000000)
  region size 1024K, 1 young (1024K), 1 survivors (1024K)
 Metaspace       used 15961K, capacity 16886K, committed 17024K, reserved 1064960K
  class space    used 1635K, capacity 1837K, committed 1920K, reserved 1048576K
}
Event: 672.085 GC heap before
{Heap before GC invocations=153 (full 0):
 garbage-first heap   total 131072K, used 58066K [0x0000000740000000, 0x0000000740100400, 0x00000007c0000000)
  region size 1024K, 2 young (2048K), 1 survivors (1024K)
 Metaspace       used 15961K, capacity 16886K, committed 17024K, reserved 1064960K
  class space    used 1635K, capacity 1837K, committed 1920K, reserved 1048576K
}
Event: 672.086 GC heap after
{Heap after GC invocations=154 (full 0):
 garbage-first heap   total 131072K, used 22228K [0x0000000740000000, 0x0000000740100400, 0x00000007c0000000)
  region size 1024K, 1 young (1024K), 1 survivors (1024K)
 Metaspace       used 15961K, capacity 16886K, committed 17024K, reserved 1064960K
  class space    used 1635K, capacity 1837K, committed 1920K, reserved 1048576K
}
Event: 787.005 GC heap before
{Heap before GC invocations=155 (full 0):
 garbage-first heap   total 131072K, used 58068K [0x0000000740000000, 0x0000000740100400, 0x00000007c0000000)
  region size 1024K, 3 young (3072K), 1 survivors (1024K)
 Metaspace       used 15963K, capacity 16886K, committed 17024K, reserved 1064960K
  class space    used 1635K, capacity 1837K, committed 1920K, reserved 1048576K
}
Event: 787.020 GC heap after
{Heap after GC invocations=156 (full 0):
 garbage-first heap   total 131072K, used 14039K [0x0000000740000000, 0x0000000740100400, 0x00000007c0000000)
  region size 1024K, 1 young (1024K), 1 survivors (1024K)
 Metaspace       used 15963K, capacity 16886K, committed 17024K, reserved 1064960K
  class space    used 1635K, capacity 1837K, committed 1920K, reserved 1048576K
}

